<?xml version="1.0" encoding="UTF-8"?>
<!-- Generated by org.testng.reporters.JUnitXMLReporter -->
<testsuite ignored="9" hostname="DESKTOP-NV0AGAS" failures="0" tests="1" name="Default test" time="14.37" errors="0" timestamp="2024-04-04T01:21:09 IST">
  <testcase classname="practice.Rahulsetty" name="webtableFixedheader" time="0.889"/>
  <testcase classname="practice.Rahulsetty" name="radio" time="0.0">
    <ignored/>
  </testcase> <!-- radio -->
  <testcase classname="practice.Rahulsetty" name="alertconfirm" time="0.0">
    <ignored/>
  </testcase> <!-- alertconfirm -->
  <testcase classname="practice.Rahulsetty" name="switchwindow" time="0.0">
    <ignored/>
  </testcase> <!-- switchwindow -->
  <testcase classname="practice.Rahulsetty" name="checkbox" time="0.0">
    <ignored/>
  </testcase> <!-- checkbox -->
  <testcase classname="practice.Rahulsetty" name="webtable" time="0.0">
    <ignored/>
  </testcase> <!-- webtable -->
  <testcase classname="practice.Rahulsetty" name="dropdown" time="0.0">
    <ignored/>
  </testcase> <!-- dropdown -->
  <testcase classname="practice.Rahulsetty" name="newtab" time="0.0">
    <ignored/>
  </testcase> <!-- newtab -->
  <testcase classname="practice.Rahulsetty" name="alert" time="0.0">
    <ignored/>
  </testcase> <!-- alert -->
  <testcase classname="practice.Rahulsetty" name="text" time="0.0">
    <ignored/>
  </testcase> <!-- text -->
</testsuite> <!-- Default test -->
