<?xml version="1.0" encoding="UTF-8"?>
<testng-results ignored="0" total="1" passed="1" failed="0" skipped="0">
  <reporter-output>
  </reporter-output>
  <suite started-at="2024-04-03T23:11:32 IST" name="Default suite" finished-at="2024-04-03T23:11:56 IST" duration-ms="23473">
    <groups>
    </groups>
    <test started-at="2024-04-03T23:11:32 IST" name="Default test" finished-at="2024-04-03T23:11:56 IST" duration-ms="23473">
      <class name="practice.Rahulsetty">
        <test-method is-config="true" signature="driverInitialize()[pri:0, instance:practice.Rahulsetty@72035809]" started-at="2024-04-03T23:11:32 IST" name="driverInitialize" finished-at="2024-04-03T23:11:43 IST" duration-ms="10784" status="PASS">
          <reporter-output>
          </reporter-output>
        </test-method> <!-- driverInitialize -->
        <test-method signature="radio()[pri:1, instance:practice.Rahulsetty@72035809]" started-at="2024-04-03T23:11:43 IST" name="radio" finished-at="2024-04-03T23:11:53 IST" duration-ms="9304" status="PASS">
          <reporter-output>
          </reporter-output>
        </test-method> <!-- radio -->
        <test-method is-config="true" signature="driverClose()[pri:0, instance:practice.Rahulsetty@72035809]" started-at="2024-04-03T23:11:53 IST" name="driverClose" finished-at="2024-04-03T23:11:56 IST" duration-ms="3326" status="PASS">
          <reporter-output>
          </reporter-output>
        </test-method> <!-- driverClose -->
      </class> <!-- practice.Rahulsetty -->
    </test> <!-- Default test -->
  </suite> <!-- Default suite -->
</testng-results>
